<?xml version="1.0" encoding="UTF-8"?>
<testng-results ignored="0" total="2" passed="2" failed="0" skipped="0">
  <reporter-output>
  </reporter-output>
  <suite started-at="2024-07-29T16:39:18 IST" name="Default suite" finished-at="2024-07-29T16:39:49 IST" duration-ms="30711">
    <groups>
    </groups>
    <test started-at="2024-07-29T16:39:18 IST" name="Default test" finished-at="2024-07-29T16:39:49 IST" duration-ms="30711">
      <class name="com.emp.qa.testcases.LoginPageTest">
        <test-method is-config="true" signature="setUp()[pri:0, instance:com.emp.qa.testcases.LoginPageTest@74d1dc36]" started-at="2024-07-29T16:39:19 IST" name="setUp" finished-at="2024-07-29T16:39:31 IST" duration-ms="11982" status="PASS">
          <reporter-output>
          </reporter-output>
        </test-method> <!-- setUp -->
        <test-method signature="signinTest()[pri:1, instance:com.emp.qa.testcases.LoginPageTest@74d1dc36]" started-at="2024-07-29T16:39:31 IST" name="signinTest" finished-at="2024-07-29T16:39:33 IST" duration-ms="2202" status="PASS">
          <reporter-output>
          </reporter-output>
        </test-method> <!-- signinTest -->
        <test-method is-config="true" signature="tearDown()[pri:0, instance:com.emp.qa.testcases.LoginPageTest@74d1dc36]" started-at="2024-07-29T16:39:33 IST" name="tearDown" finished-at="2024-07-29T16:39:33 IST" duration-ms="631" status="PASS">
          <reporter-output>
          </reporter-output>
        </test-method> <!-- tearDown -->
        <test-method is-config="true" signature="setUp()[pri:0, instance:com.emp.qa.testcases.LoginPageTest@74d1dc36]" started-at="2024-07-29T16:39:33 IST" name="setUp" finished-at="2024-07-29T16:39:44 IST" duration-ms="10764" status="PASS">
          <reporter-output>
          </reporter-output>
        </test-method> <!-- setUp -->
        <test-method signature="loginTest()[pri:2, instance:com.emp.qa.testcases.LoginPageTest@74d1dc36]" started-at="2024-07-29T16:39:44 IST" name="loginTest" finished-at="2024-07-29T16:39:48 IST" duration-ms="4114" status="PASS">
          <reporter-output>
          </reporter-output>
        </test-method> <!-- loginTest -->
        <test-method is-config="true" signature="tearDown()[pri:0, instance:com.emp.qa.testcases.LoginPageTest@74d1dc36]" started-at="2024-07-29T16:39:48 IST" name="tearDown" finished-at="2024-07-29T16:39:49 IST" duration-ms="928" status="PASS">
          <reporter-output>
          </reporter-output>
        </test-method> <!-- tearDown -->
      </class> <!-- com.emp.qa.testcases.LoginPageTest -->
    </test> <!-- Default test -->
  </suite> <!-- Default suite -->
</testng-results>
